2023-11-29 09:48:03.918 [http-nio-8080-exec-1] DEBUG o.a.coyote.http11.Http11InputBuffer - Before fill(): parsingHeader: [true], parsingRequestLine: [true], parsingRequestLinePhase: [0], parsingRequestLineStart: [0], byteBuffer.position(): [0], byteBuffer.limit(): [0], end: [0]
2023-11-29 09:48:03.918 [http-nio-8080-exec-1] DEBUG o.a.coyote.http11.Http11InputBuffer - Received [POST /api/employee/create HTTP/1.1
Content-Type: application/json
User-Agent: PostmanRuntime/7.35.0
Accept: */*
Postman-Token: 6a8a6895-42f1-44e6-89d9-894bdbbd8fc6
Host: 127.0.0.1:8080
Accept-Encoding: gzip, deflate, br
Connection: keep-alive
Content-Length: 561

{
  "empId": "E789012",
  "empPw": "securePassword456",
  "empName": "Jane Smith",
  "empSalary": 60000,
  "empPhone": "555-5678",
  "empEmail": "jane.smith@example.com",
  "empResident": "987-65-4321",
  "empStart": "2022-05-15",
  "empEnd": "2023-08-31",
  "empEndReason": "Resigned",
  "empRank": "Senior Developer",
  "empPhoto": "path/to/jane_photo.jpg",
  "empResume": "path/to/jane_resume.pdf",
  "empAddress": "456 Oak St, City, Country",
  "compId": "C4567890",
  "bankNum": "9876543210987654",
  "depName": "Software Development"
}
]
2023-11-29 09:48:04.386 [http-nio-8080-exec-1] DEBUG o.a.coyote.http11.Http11InputBuffer - Before fill(): parsingHeader: [true], parsingRequestLine: [true], parsingRequestLinePhase: [0], parsingRequestLineStart: [0], byteBuffer.position(): [0], byteBuffer.limit(): [0], end: [274]
2023-11-29 09:48:04.386 [http-nio-8080-exec-1] DEBUG o.a.coyote.http11.Http11InputBuffer - Received []
2023-11-29 09:48:23.689 [http-nio-8080-exec-2] DEBUG o.a.coyote.http11.Http11InputBuffer - Before fill(): parsingHeader: [true], parsingRequestLine: [true], parsingRequestLinePhase: [0], parsingRequestLineStart: [0], byteBuffer.position(): [0], byteBuffer.limit(): [0], end: [274]
2023-11-29 09:48:23.694 [http-nio-8080-exec-2] DEBUG o.a.coyote.http11.Http11InputBuffer - Received [POST /api/employee/read HTTP/1.1
Content-Type: application/json
User-Agent: PostmanRuntime/7.35.0
Accept: */*
Postman-Token: 478a535a-fc52-49dd-842e-beaf6568a1bb
Host: 127.0.0.1:8080
Accept-Encoding: gzip, deflate, br
Connection: keep-alive
Content-Length: 28

{
    "empId": "E789012"
}]
2023-11-29 09:48:23.728 [http-nio-8080-exec-2] DEBUG o.a.coyote.http11.Http11InputBuffer - Before fill(): parsingHeader: [true], parsingRequestLine: [true], parsingRequestLinePhase: [0], parsingRequestLineStart: [0], byteBuffer.position(): [0], byteBuffer.limit(): [0], end: [271]
2023-11-29 09:48:23.730 [http-nio-8080-exec-2] DEBUG o.a.coyote.http11.Http11InputBuffer - Received []
2023-11-29 09:50:02.699 [http-nio-8080-exec-5] DEBUG o.a.coyote.http11.Http11InputBuffer - Before fill(): parsingHeader: [true], parsingRequestLine: [true], parsingRequestLinePhase: [0], parsingRequestLineStart: [0], byteBuffer.position(): [0], byteBuffer.limit(): [0], end: [271]
2023-11-29 09:50:02.699 [http-nio-8080-exec-5] DEBUG o.a.coyote.http11.Http11InputBuffer - Received [POST /api/employee/update HTTP/1.1
Content-Type: application/json
User-Agent: PostmanRuntime/7.35.0
Accept: */*
Postman-Token: 1a88cee9-811e-4927-917d-419e044ca0d3
Host: 127.0.0.1:8080
Accept-Encoding: gzip, deflate, br
Connection: keep-alive
Content-Length: 247

{
    "empId": "E789012",
    "empName": "철구",
    "bankNum": "120-123-4553789",
    "empSalary": 70012300,
    "empPhone": "010-1124-5678",
    "empPw": "passwo3123",
    "empRank": "팀장",
    "empAddress": "서울시 강서구"
}]
2023-11-29 09:50:02.748 [http-nio-8080-exec-5] DEBUG o.a.coyote.http11.Http11InputBuffer - Before fill(): parsingHeader: [true], parsingRequestLine: [true], parsingRequestLinePhase: [0], parsingRequestLineStart: [0], byteBuffer.position(): [0], byteBuffer.limit(): [0], end: [274]
2023-11-29 09:50:02.748 [http-nio-8080-exec-5] DEBUG o.a.coyote.http11.Http11InputBuffer - Received []
2023-11-29 09:50:16.447 [http-nio-8080-exec-3] DEBUG o.a.coyote.http11.Http11InputBuffer - Before fill(): parsingHeader: [true], parsingRequestLine: [true], parsingRequestLinePhase: [0], parsingRequestLineStart: [0], byteBuffer.position(): [0], byteBuffer.limit(): [0], end: [274]
2023-11-29 09:50:16.447 [http-nio-8080-exec-3] DEBUG o.a.coyote.http11.Http11InputBuffer - Received [POST /api/employee/read HTTP/1.1
Content-Type: application/json
User-Agent: PostmanRuntime/7.35.0
Accept: */*
Postman-Token: 0ec4270d-d10d-47d1-aa06-bb33bbaa661d
Host: 127.0.0.1:8080
Accept-Encoding: gzip, deflate, br
Connection: keep-alive
Content-Length: 28

{
    "empId": "E789012"
}]
2023-11-29 09:50:16.458 [http-nio-8080-exec-3] DEBUG o.a.coyote.http11.Http11InputBuffer - Before fill(): parsingHeader: [true], parsingRequestLine: [true], parsingRequestLinePhase: [0], parsingRequestLineStart: [0], byteBuffer.position(): [0], byteBuffer.limit(): [0], end: [271]
2023-11-29 09:50:16.458 [http-nio-8080-exec-3] DEBUG o.a.coyote.http11.Http11InputBuffer - Received []
