2023-11-28 10:21:08.908 [http-nio-8080-exec-2] DEBUG o.a.coyote.http11.Http11InputBuffer - Before fill(): parsingHeader: [true], parsingRequestLine: [true], parsingRequestLinePhase: [0], parsingRequestLineStart: [0], byteBuffer.position(): [0], byteBuffer.limit(): [0], end: [0]
2023-11-28 10:21:08.916 [http-nio-8080-exec-2] DEBUG o.a.coyote.http11.Http11InputBuffer - Received [POST /api/employee/create HTTP/1.1
Content-Type: application/json
User-Agent: PostmanRuntime/7.35.0
Accept: */*
Postman-Token: d4df0947-7f29-434e-ae95-cb9fb5a61383
Host: 127.0.0.1:8080
Accept-Encoding: gzip, deflate, br
Connection: keep-alive
Content-Length: 520

{
  "empId": "6633",
  "empPw": "ppp123",
  "empName": "jihyeon",
  "empSalary": 35000,
  "empPhone": "123-123-7890",
  "empEmail": "jh030803@example.com",
  "empResident": "030803-1234567",
  "empStart": "2023-05-05",
  "empEnd": "2023-12-31",
  "empEndReason": "그냥하기싫어서서",
  "empRank": "팀장장",
  "empPhoto": "photo.jpg",
  "empResume": "resume.pdf",
  "empAddress": "123 Main Street, Cityville",
  "compId": "C123",
  "bankNum": "1234567890123456",
  "depName": "Engineering"
}
]
2023-11-28 10:21:09.409 [http-nio-8080-exec-2] DEBUG o.a.coyote.http11.Http11InputBuffer - Before fill(): parsingHeader: [true], parsingRequestLine: [true], parsingRequestLinePhase: [0], parsingRequestLineStart: [0], byteBuffer.position(): [0], byteBuffer.limit(): [0], end: [274]
2023-11-28 10:21:09.409 [http-nio-8080-exec-2] DEBUG o.a.coyote.http11.Http11InputBuffer - Received []
2023-11-28 10:21:40.800 [http-nio-8080-exec-3] DEBUG o.a.coyote.http11.Http11InputBuffer - Before fill(): parsingHeader: [true], parsingRequestLine: [true], parsingRequestLinePhase: [0], parsingRequestLineStart: [0], byteBuffer.position(): [0], byteBuffer.limit(): [0], end: [274]
2023-11-28 10:21:40.800 [http-nio-8080-exec-3] DEBUG o.a.coyote.http11.Http11InputBuffer - Received [POST /api/employee/read HTTP/1.1
Content-Type: application/json
User-Agent: PostmanRuntime/7.35.0
Accept: */*
Postman-Token: 9689dac7-82f9-4844-913a-fb313ac9442d
Host: 127.0.0.1:8080
Accept-Encoding: gzip, deflate, br
Connection: keep-alive
Content-Length: 25

{
    "empId": "6633"
}]
2023-11-28 10:21:40.831 [http-nio-8080-exec-3] DEBUG o.a.coyote.http11.Http11InputBuffer - Before fill(): parsingHeader: [true], parsingRequestLine: [true], parsingRequestLinePhase: [0], parsingRequestLineStart: [0], byteBuffer.position(): [0], byteBuffer.limit(): [0], end: [271]
2023-11-28 10:21:40.837 [http-nio-8080-exec-3] DEBUG o.a.coyote.http11.Http11InputBuffer - Received []
2023-11-28 10:22:07.731 [http-nio-8080-exec-5] DEBUG o.a.coyote.http11.Http11InputBuffer - Before fill(): parsingHeader: [true], parsingRequestLine: [true], parsingRequestLinePhase: [0], parsingRequestLineStart: [0], byteBuffer.position(): [0], byteBuffer.limit(): [0], end: [271]
2023-11-28 10:22:07.731 [http-nio-8080-exec-5] DEBUG o.a.coyote.http11.Http11InputBuffer - Received [POST /api/employee/update HTTP/1.1
Content-Type: application/json
User-Agent: PostmanRuntime/7.35.0
Accept: */*
Postman-Token: ccfb1f42-e34b-42d2-8341-44d01d36612f
Host: 127.0.0.1:8080
Accept-Encoding: gzip, deflate, br
Connection: keep-alive
Content-Length: 25

{
    "empId": "6633"
}]
2023-11-28 10:22:07.748 [http-nio-8080-exec-5] DEBUG o.a.coyote.http11.Http11InputBuffer - Before fill(): parsingHeader: [true], parsingRequestLine: [true], parsingRequestLinePhase: [0], parsingRequestLineStart: [0], byteBuffer.position(): [0], byteBuffer.limit(): [0], end: [273]
2023-11-28 10:22:07.754 [http-nio-8080-exec-5] DEBUG o.a.coyote.http11.Http11InputBuffer - Received []
2023-11-28 10:22:52.529 [http-nio-8080-exec-7] DEBUG o.a.coyote.http11.Http11InputBuffer - Before fill(): parsingHeader: [true], parsingRequestLine: [true], parsingRequestLinePhase: [0], parsingRequestLineStart: [0], byteBuffer.position(): [0], byteBuffer.limit(): [0], end: [273]
2023-11-28 10:22:52.529 [http-nio-8080-exec-7] DEBUG o.a.coyote.http11.Http11InputBuffer - Received [POST /api/employee/update HTTP/1.1
Content-Type: application/json
User-Agent: PostmanRuntime/7.35.0
Accept: */*
Postman-Token: d6088c00-159e-4e77-b9e4-5fd0156f32ae
Host: 127.0.0.1:8080
Accept-Encoding: gzip, deflate, br
Connection: keep-alive
Content-Length: 40

{
    "empId": "6633"
    "emdName"
}]
2023-11-28 10:23:02.252 [http-nio-8080-exec-8] DEBUG o.a.coyote.http11.Http11InputBuffer - Before fill(): parsingHeader: [true], parsingRequestLine: [true], parsingRequestLinePhase: [0], parsingRequestLineStart: [0], byteBuffer.position(): [0], byteBuffer.limit(): [0], end: [273]
2023-11-28 10:23:02.252 [http-nio-8080-exec-8] DEBUG o.a.coyote.http11.Http11InputBuffer - Received [POST /api/employee/update HTTP/1.1
Content-Type: application/json
User-Agent: PostmanRuntime/7.35.0
Accept: */*
Postman-Token: 2c21e637-0a57-4565-8184-11ef45060f30
Host: 127.0.0.1:8080
Accept-Encoding: gzip, deflate, br
Connection: keep-alive
Content-Length: 48

{
    "empId": "6633"
    "emdName": "hihi"
}]
2023-11-28 10:23:11.276 [http-nio-8080-exec-9] DEBUG o.a.coyote.http11.Http11InputBuffer - Before fill(): parsingHeader: [true], parsingRequestLine: [true], parsingRequestLinePhase: [0], parsingRequestLineStart: [0], byteBuffer.position(): [0], byteBuffer.limit(): [0], end: [273]
2023-11-28 10:23:11.276 [http-nio-8080-exec-9] DEBUG o.a.coyote.http11.Http11InputBuffer - Received [POST /api/employee/update HTTP/1.1
Content-Type: application/json
User-Agent: PostmanRuntime/7.35.0
Accept: */*
Postman-Token: c9bcd20e-5472-468b-b264-10af51a2832e
Host: 127.0.0.1:8080
Accept-Encoding: gzip, deflate, br
Connection: keep-alive
Content-Length: 48

{
    "empId": "6633"
    "empName": "hihi"
}]
2023-11-28 10:26:29.460 [http-nio-8080-exec-10] DEBUG o.a.coyote.http11.Http11InputBuffer - Before fill(): parsingHeader: [true], parsingRequestLine: [true], parsingRequestLinePhase: [0], parsingRequestLineStart: [0], byteBuffer.position(): [0], byteBuffer.limit(): [0], end: [273]
2023-11-28 10:26:29.460 [http-nio-8080-exec-10] DEBUG o.a.coyote.http11.Http11InputBuffer - Received [POST /api/employee/update HTTP/1.1
Content-Type: application/json
User-Agent: PostmanRuntime/7.35.0
Accept: */*
Postman-Token: cb4fa241-2810-40ab-a442-d030565d740d
Host: 127.0.0.1:8080
Accept-Encoding: gzip, deflate, br
Connection: keep-alive
Content-Length: 52

{
    "empId": "6633"
    "empName": "dsdsdsds"
}]
2023-11-28 10:26:45.493 [http-nio-8080-exec-2] DEBUG o.a.coyote.http11.Http11InputBuffer - Before fill(): parsingHeader: [true], parsingRequestLine: [true], parsingRequestLinePhase: [0], parsingRequestLineStart: [0], byteBuffer.position(): [0], byteBuffer.limit(): [0], end: [273]
2023-11-28 10:26:45.493 [http-nio-8080-exec-2] DEBUG o.a.coyote.http11.Http11InputBuffer - Received [POST /api/employee/update HTTP/1.1
Content-Type: application/json
User-Agent: PostmanRuntime/7.35.0
Accept: */*
Postman-Token: 52d82f6f-6cdb-458e-8b4e-74330fe0ef5f
Host: 127.0.0.1:8080
Accept-Encoding: gzip, deflate, br
Connection: keep-alive
Content-Length: 53

{
    "empId": "6633",
    "empName": "dsdsdsds"
}]
2023-11-28 10:26:45.525 [http-nio-8080-exec-2] DEBUG o.a.coyote.http11.Http11InputBuffer - Before fill(): parsingHeader: [true], parsingRequestLine: [true], parsingRequestLinePhase: [0], parsingRequestLineStart: [0], byteBuffer.position(): [0], byteBuffer.limit(): [0], end: [273]
2023-11-28 10:26:45.525 [http-nio-8080-exec-2] DEBUG o.a.coyote.http11.Http11InputBuffer - Received []
2023-11-28 10:33:36.524 [http-nio-8080-exec-1] DEBUG o.a.coyote.http11.Http11InputBuffer - Before fill(): parsingHeader: [true], parsingRequestLine: [true], parsingRequestLinePhase: [0], parsingRequestLineStart: [0], byteBuffer.position(): [0], byteBuffer.limit(): [0], end: [0]
2023-11-28 10:33:36.524 [http-nio-8080-exec-1] DEBUG o.a.coyote.http11.Http11InputBuffer - Received [POST /api/company/create HTTP/1.1
Content-Type: application/json
User-Agent: PostmanRuntime/7.35.0
Accept: */*
Postman-Token: 01cdcbb9-c251-4a3f-aab0-7d60b22f7470
Host: 127.0.0.1:8080
Accept-Encoding: gzip, deflate, br
Connection: keep-alive
Content-Length: 234

{
  "compId": "C12345",
  "compPw": "password123",
  "compName": "Example Corporation",
  "compCeo": "John CEO",
  "compManager": "Jane",
  "compEmail": "info@example.com",
  "compAddress": "123 Business Street, Cityville"
}
]
2023-11-28 10:33:36.884 [http-nio-8080-exec-1] DEBUG o.a.coyote.http11.Http11InputBuffer - Before fill(): parsingHeader: [true], parsingRequestLine: [true], parsingRequestLinePhase: [0], parsingRequestLineStart: [0], byteBuffer.position(): [0], byteBuffer.limit(): [0], end: [273]
2023-11-28 10:33:36.884 [http-nio-8080-exec-1] DEBUG o.a.coyote.http11.Http11InputBuffer - Received []
2023-11-28 10:33:45.272 [http-nio-8080-exec-3] DEBUG o.a.coyote.http11.Http11InputBuffer - Before fill(): parsingHeader: [true], parsingRequestLine: [true], parsingRequestLinePhase: [0], parsingRequestLineStart: [0], byteBuffer.position(): [0], byteBuffer.limit(): [0], end: [273]
2023-11-28 10:33:45.272 [http-nio-8080-exec-3] DEBUG o.a.coyote.http11.Http11InputBuffer - Received [POST /api/company/create HTTP/1.1
Content-Type: application/json
User-Agent: PostmanRuntime/7.35.0
Accept: */*
Postman-Token: 5c30ea3e-e56d-4ca9-a63a-91e385bb1876
Host: 127.0.0.1:8080
Accept-Encoding: gzip, deflate, br
Connection: keep-alive
Content-Length: 234

{
  "compId": "121212",
  "compPw": "password123",
  "compName": "Example Corporation",
  "compCeo": "John CEO",
  "compManager": "Jane",
  "compEmail": "info@example.com",
  "compAddress": "123 Business Street, Cityville"
}
]
2023-11-28 10:33:45.360 [http-nio-8080-exec-3] DEBUG o.a.coyote.http11.Http11InputBuffer - Before fill(): parsingHeader: [true], parsingRequestLine: [true], parsingRequestLinePhase: [0], parsingRequestLineStart: [0], byteBuffer.position(): [0], byteBuffer.limit(): [0], end: [273]
2023-11-28 10:33:45.360 [http-nio-8080-exec-3] DEBUG o.a.coyote.http11.Http11InputBuffer - Received []
2023-11-28 10:33:52.287 [http-nio-8080-exec-4] DEBUG o.a.coyote.http11.Http11InputBuffer - Before fill(): parsingHeader: [true], parsingRequestLine: [true], parsingRequestLinePhase: [0], parsingRequestLineStart: [0], byteBuffer.position(): [0], byteBuffer.limit(): [0], end: [273]
2023-11-28 10:33:52.287 [http-nio-8080-exec-4] DEBUG o.a.coyote.http11.Http11InputBuffer - Received [POST /api/company/read HTTP/1.1
Content-Type: application/json
User-Agent: PostmanRuntime/7.35.0
Accept: */*
Postman-Token: 26b628f7-7a62-46b9-9231-9f53531f737f
Host: 127.0.0.1:8080
Accept-Encoding: gzip, deflate, br
Connection: keep-alive
Content-Length: 29

{
    "compId": "C121212"
}]
2023-11-28 10:33:52.296 [http-nio-8080-exec-4] DEBUG o.a.coyote.http11.Http11InputBuffer - Before fill(): parsingHeader: [true], parsingRequestLine: [true], parsingRequestLinePhase: [0], parsingRequestLineStart: [0], byteBuffer.position(): [0], byteBuffer.limit(): [0], end: [270]
2023-11-28 10:33:52.296 [http-nio-8080-exec-4] DEBUG o.a.coyote.http11.Http11InputBuffer - Received []
2023-11-28 10:33:56.824 [http-nio-8080-exec-7] DEBUG o.a.coyote.http11.Http11InputBuffer - Before fill(): parsingHeader: [true], parsingRequestLine: [true], parsingRequestLinePhase: [0], parsingRequestLineStart: [0], byteBuffer.position(): [0], byteBuffer.limit(): [0], end: [270]
2023-11-28 10:33:56.824 [http-nio-8080-exec-7] DEBUG o.a.coyote.http11.Http11InputBuffer - Received [POST /api/company/read HTTP/1.1
Content-Type: application/json
User-Agent: PostmanRuntime/7.35.0
Accept: */*
Postman-Token: e07fe046-0e9a-4d8a-a3be-1b048c393279
Host: 127.0.0.1:8080
Accept-Encoding: gzip, deflate, br
Connection: keep-alive
Content-Length: 28

{
    "compId": "121212"
}]
2023-11-28 10:33:56.863 [http-nio-8080-exec-7] DEBUG o.a.coyote.http11.Http11InputBuffer - Before fill(): parsingHeader: [true], parsingRequestLine: [true], parsingRequestLinePhase: [0], parsingRequestLineStart: [0], byteBuffer.position(): [0], byteBuffer.limit(): [0], end: [270]
2023-11-28 10:33:56.863 [http-nio-8080-exec-7] DEBUG o.a.coyote.http11.Http11InputBuffer - Received []
