2023-12-04 10:01:08.367 [http-nio-8080-exec-2] DEBUG o.a.coyote.http11.Http11InputBuffer - Before fill(): parsingHeader: [true], parsingRequestLine: [true], parsingRequestLinePhase: [0], parsingRequestLineStart: [0], byteBuffer.position(): [0], byteBuffer.limit(): [0], end: [0]
2023-12-04 10:01:08.367 [http-nio-8080-exec-2] DEBUG o.a.coyote.http11.Http11InputBuffer - Received [POST /api/commute/create HTTP/1.1
Content-Type: application/json
User-Agent: PostmanRuntime/7.35.0
Accept: */*
Postman-Token: 19c454bd-ded1-46f9-a6e9-6b686a870780
Host: 127.0.0.1:8080
Accept-Encoding: gzip, deflate, br
Connection: keep-alive
Content-Length: 142

{
  "empId": "E12345",
  "commStart": "2023-11-27T08:30:00",
  "commEnd": "2023-11-27T17:30:00",
  "commNote": "Regular office hours"
}
]
2023-12-04 10:01:08.839 [http-nio-8080-exec-2] DEBUG o.a.coyote.http11.Http11InputBuffer - Before fill(): parsingHeader: [true], parsingRequestLine: [true], parsingRequestLinePhase: [0], parsingRequestLineStart: [0], byteBuffer.position(): [0], byteBuffer.limit(): [0], end: [273]
2023-12-04 10:01:08.839 [http-nio-8080-exec-2] DEBUG o.a.coyote.http11.Http11InputBuffer - Received []
2023-12-04 10:01:13.010 [http-nio-8080-exec-4] DEBUG o.a.coyote.http11.Http11InputBuffer - Before fill(): parsingHeader: [true], parsingRequestLine: [true], parsingRequestLinePhase: [0], parsingRequestLineStart: [0], byteBuffer.position(): [0], byteBuffer.limit(): [0], end: [273]
2023-12-04 10:01:13.010 [http-nio-8080-exec-4] DEBUG o.a.coyote.http11.Http11InputBuffer - Received [POST /api/commute/read HTTP/1.1
Content-Type: application/json
User-Agent: PostmanRuntime/7.35.0
Accept: */*
Postman-Token: fb391c32-c7bb-454b-bac1-770368328f73
Host: 127.0.0.1:8080
Accept-Encoding: gzip, deflate, br
Connection: keep-alive
Content-Length: 27

{
    "empId": "E12345"
}]
2023-12-04 10:01:13.042 [http-nio-8080-exec-4] DEBUG o.a.coyote.http11.Http11InputBuffer - Before fill(): parsingHeader: [true], parsingRequestLine: [true], parsingRequestLinePhase: [0], parsingRequestLineStart: [0], byteBuffer.position(): [0], byteBuffer.limit(): [0], end: [270]
2023-12-04 10:01:13.042 [http-nio-8080-exec-4] DEBUG o.a.coyote.http11.Http11InputBuffer - Received []
2023-12-04 10:01:26.512 [http-nio-8080-exec-5] DEBUG o.a.coyote.http11.Http11InputBuffer - Before fill(): parsingHeader: [true], parsingRequestLine: [true], parsingRequestLinePhase: [0], parsingRequestLineStart: [0], byteBuffer.position(): [0], byteBuffer.limit(): [0], end: [270]
2023-12-04 10:01:26.512 [http-nio-8080-exec-5] DEBUG o.a.coyote.http11.Http11InputBuffer - Received [POST /api/commute/delete HTTP/1.1
Content-Type: application/json
User-Agent: PostmanRuntime/7.35.0
Accept: */*
Postman-Token: 979665cc-5581-4595-8e70-29d127c9a390
Host: 127.0.0.1:8080
Accept-Encoding: gzip, deflate, br
Connection: keep-alive
Content-Length: 26

{
    "empId": "E1234"
}]
2023-12-04 10:01:26.536 [http-nio-8080-exec-5] DEBUG o.a.coyote.http11.Http11InputBuffer - Before fill(): parsingHeader: [true], parsingRequestLine: [true], parsingRequestLinePhase: [0], parsingRequestLineStart: [0], byteBuffer.position(): [0], byteBuffer.limit(): [0], end: [272]
2023-12-04 10:01:26.536 [http-nio-8080-exec-5] DEBUG o.a.coyote.http11.Http11InputBuffer - Received []
2023-12-04 10:01:33.664 [http-nio-8080-exec-7] DEBUG o.a.coyote.http11.Http11InputBuffer - Before fill(): parsingHeader: [true], parsingRequestLine: [true], parsingRequestLinePhase: [0], parsingRequestLineStart: [0], byteBuffer.position(): [0], byteBuffer.limit(): [0], end: [272]
2023-12-04 10:01:33.664 [http-nio-8080-exec-7] DEBUG o.a.coyote.http11.Http11InputBuffer - Received [POST /api/commute/delete HTTP/1.1
Content-Type: application/json
User-Agent: PostmanRuntime/7.35.0
Accept: */*
Postman-Token: c7065800-cc76-4a5e-ba91-14b425a6ad89
Host: 127.0.0.1:8080
Accept-Encoding: gzip, deflate, br
Connection: keep-alive
Content-Length: 27

{
    "empId": "E12345"
}]
2023-12-04 10:01:33.706 [http-nio-8080-exec-7] DEBUG o.a.coyote.http11.Http11InputBuffer - Before fill(): parsingHeader: [true], parsingRequestLine: [true], parsingRequestLinePhase: [0], parsingRequestLineStart: [0], byteBuffer.position(): [0], byteBuffer.limit(): [0], end: [272]
2023-12-04 10:01:33.713 [http-nio-8080-exec-7] DEBUG o.a.coyote.http11.Http11InputBuffer - Received []
