2023-11-27 20:40:08.098 [http-nio-8080-exec-1] DEBUG o.a.coyote.http11.Http11InputBuffer - Before fill(): parsingHeader: [true], parsingRequestLine: [true], parsingRequestLinePhase: [0], parsingRequestLineStart: [0], byteBuffer.position(): [0], byteBuffer.limit(): [0], end: [0]
2023-11-27 20:40:08.107 [http-nio-8080-exec-1] DEBUG o.a.coyote.http11.Http11InputBuffer - Received [POST /api/employee/create HTTP/1.1
Content-Type: application/json
User-Agent: PostmanRuntime/7.35.0
Accept: */*
Postman-Token: 189f079a-5e3c-4035-abef-62535895a0ae
Host: 127.0.0.1:8080
Accept-Encoding: gzip, deflate, br
Connection: keep-alive
Content-Length: 520

{
  "empId": "6633",
  "empPw": "ppp123",
  "empName": "jihyeon",
  "empSalary": 35000,
  "empPhone": "123-123-7890",
  "empEmail": "jh030803@example.com",
  "empResident": "030803-1234567",
  "empStart": "2023-05-05",
  "empEnd": "2023-12-31",
  "empEndReason": "그냥하기싫어서서",
  "empRank": "팀장장",
  "empPhoto": "photo.jpg",
  "empResume": "resume.pdf",
  "empAddress": "123 Main Street, Cityville",
  "compId": "C123",
  "bankNum": "1234567890123456",
  "depName": "Engineering"
}
]
2023-11-27 20:40:08.657 [http-nio-8080-exec-1] DEBUG o.a.coyote.http11.Http11InputBuffer - Before fill(): parsingHeader: [true], parsingRequestLine: [true], parsingRequestLinePhase: [0], parsingRequestLineStart: [0], byteBuffer.position(): [0], byteBuffer.limit(): [0], end: [274]
2023-11-27 20:40:08.657 [http-nio-8080-exec-1] DEBUG o.a.coyote.http11.Http11InputBuffer - Received []
2023-11-27 20:40:17.752 [http-nio-8080-exec-2] DEBUG o.a.coyote.http11.Http11InputBuffer - Before fill(): parsingHeader: [true], parsingRequestLine: [true], parsingRequestLinePhase: [0], parsingRequestLineStart: [0], byteBuffer.position(): [0], byteBuffer.limit(): [0], end: [274]
2023-11-27 20:40:17.752 [http-nio-8080-exec-2] DEBUG o.a.coyote.http11.Http11InputBuffer - Received [POST /api/employee/read HTTP/1.1
Content-Type: application/json
User-Agent: PostmanRuntime/7.35.0
Accept: */*
Postman-Token: 9667b6f7-e533-47f9-858f-cfb7fe02ad5e
Host: 192.168.0.2:8080
Accept-Encoding: gzip, deflate, br
Connection: keep-alive
Content-Length: 25

{
    "empId": "6633"
}]
2023-11-27 20:40:17.793 [http-nio-8080-exec-2] DEBUG o.a.coyote.http11.Http11InputBuffer - Before fill(): parsingHeader: [true], parsingRequestLine: [true], parsingRequestLinePhase: [0], parsingRequestLineStart: [0], byteBuffer.position(): [0], byteBuffer.limit(): [0], end: [273]
2023-11-27 20:40:17.793 [http-nio-8080-exec-2] DEBUG o.a.coyote.http11.Http11InputBuffer - Received []
2023-11-27 20:47:44.997 [http-nio-8080-exec-5] DEBUG o.a.coyote.http11.Http11InputBuffer - Before fill(): parsingHeader: [true], parsingRequestLine: [true], parsingRequestLinePhase: [0], parsingRequestLineStart: [0], byteBuffer.position(): [0], byteBuffer.limit(): [0], end: [273]
2023-11-27 20:47:44.997 [http-nio-8080-exec-5] DEBUG o.a.coyote.http11.Http11InputBuffer - Received [POST /api/employee/delete HTTP/1.1
Content-Type: application/json
User-Agent: PostmanRuntime/7.35.0
Accept: */*
Postman-Token: 00838a22-1f26-41d0-829e-93e2c6891195
Host: 192.168.0.2:8080
Accept-Encoding: gzip, deflate, br
Connection: keep-alive
Content-Length: 25

{
    "empId": "6633"
}]
2023-11-27 20:47:45.042 [http-nio-8080-exec-5] DEBUG o.a.coyote.http11.Http11InputBuffer - Before fill(): parsingHeader: [true], parsingRequestLine: [true], parsingRequestLinePhase: [0], parsingRequestLineStart: [0], byteBuffer.position(): [0], byteBuffer.limit(): [0], end: [275]
2023-11-27 20:47:45.042 [http-nio-8080-exec-5] DEBUG o.a.coyote.http11.Http11InputBuffer - Received []
2023-11-27 20:48:21.206 [http-nio-8080-exec-8] DEBUG o.a.coyote.http11.Http11InputBuffer - Before fill(): parsingHeader: [true], parsingRequestLine: [true], parsingRequestLinePhase: [0], parsingRequestLineStart: [0], byteBuffer.position(): [0], byteBuffer.limit(): [0], end: [275]
2023-11-27 20:48:21.206 [http-nio-8080-exec-8] DEBUG o.a.coyote.http11.Http11InputBuffer - Received [GET /api/employee/delete HTTP/1.1
User-Agent: PostmanRuntime/7.35.0
Accept: */*
Postman-Token: cea7818e-413d-4618-ba1f-7d15bc055dab
Host: 192.168.0.2:8080
Accept-Encoding: gzip, deflate, br
Connection: keep-alive

]
2023-11-27 20:48:21.223 [http-nio-8080-exec-8] DEBUG o.a.coyote.http11.Http11InputBuffer - Before fill(): parsingHeader: [true], parsingRequestLine: [true], parsingRequestLinePhase: [0], parsingRequestLineStart: [0], byteBuffer.position(): [0], byteBuffer.limit(): [0], end: [222]
2023-11-27 20:48:21.223 [http-nio-8080-exec-8] DEBUG o.a.coyote.http11.Http11InputBuffer - Received []
2023-11-27 20:48:47.507 [http-nio-8080-exec-9] DEBUG o.a.coyote.http11.Http11InputBuffer - Before fill(): parsingHeader: [true], parsingRequestLine: [true], parsingRequestLinePhase: [0], parsingRequestLineStart: [0], byteBuffer.position(): [0], byteBuffer.limit(): [0], end: [222]
2023-11-27 20:48:47.507 [http-nio-8080-exec-9] DEBUG o.a.coyote.http11.Http11InputBuffer - Received [POST /api/employee/delete HTTP/1.1
User-Agent: PostmanRuntime/7.35.0
Accept: */*
Postman-Token: 0e39ea10-65e1-4be9-adba-fbe435e38c9d
Host: 127.0.0.1:8080
Accept-Encoding: gzip, deflate, br
Connection: keep-alive
Content-Length: 0

]
2023-11-27 20:49:10.671 [http-nio-8080-exec-10] DEBUG o.a.coyote.http11.Http11InputBuffer - Before fill(): parsingHeader: [true], parsingRequestLine: [true], parsingRequestLinePhase: [0], parsingRequestLineStart: [0], byteBuffer.position(): [0], byteBuffer.limit(): [0], end: [240]
2023-11-27 20:49:10.671 [http-nio-8080-exec-10] DEBUG o.a.coyote.http11.Http11InputBuffer - Received [POST /api/employee/delete HTTP/1.1
Content-Type: application/json
User-Agent: PostmanRuntime/7.35.0
Accept: */*
Postman-Token: d8f208e0-dbca-4c5f-8b83-0b88bb5f790c
Host: 127.0.0.1:8080
Accept-Encoding: gzip, deflate, br
Connection: keep-alive
Content-Length: 18

  "empId": "6633",]
2023-11-27 20:49:24.050 [http-nio-8080-exec-1] DEBUG o.a.coyote.http11.Http11InputBuffer - Before fill(): parsingHeader: [true], parsingRequestLine: [true], parsingRequestLinePhase: [0], parsingRequestLineStart: [0], byteBuffer.position(): [0], byteBuffer.limit(): [0], end: [273]
2023-11-27 20:49:24.050 [http-nio-8080-exec-1] DEBUG o.a.coyote.http11.Http11InputBuffer - Received [POST /api/employee/delete HTTP/1.1
Content-Type: application/json
User-Agent: PostmanRuntime/7.35.0
Accept: */*
Postman-Token: 2d7d7503-6ccc-4fc4-b77c-c9c4641ac5dc
Host: 127.0.0.1:8080
Accept-Encoding: gzip, deflate, br
Connection: keep-alive
Content-Length: 25

{
    "empId": "6633"
}]
2023-11-27 20:49:24.063 [http-nio-8080-exec-1] DEBUG o.a.coyote.http11.Http11InputBuffer - Before fill(): parsingHeader: [true], parsingRequestLine: [true], parsingRequestLinePhase: [0], parsingRequestLineStart: [0], byteBuffer.position(): [0], byteBuffer.limit(): [0], end: [273]
2023-11-27 20:49:24.063 [http-nio-8080-exec-1] DEBUG o.a.coyote.http11.Http11InputBuffer - Received []
2023-11-27 20:49:32.890 [http-nio-8080-exec-2] DEBUG o.a.coyote.http11.Http11InputBuffer - Before fill(): parsingHeader: [true], parsingRequestLine: [true], parsingRequestLinePhase: [0], parsingRequestLineStart: [0], byteBuffer.position(): [0], byteBuffer.limit(): [0], end: [273]
2023-11-27 20:49:32.891 [http-nio-8080-exec-2] DEBUG o.a.coyote.http11.Http11InputBuffer - Received [POST /api/employee/delete HTTP/1.1
Content-Type: application/json
User-Agent: PostmanRuntime/7.35.0
Accept: */*
Postman-Token: b126fe77-52da-44e8-a589-0c0cbb7122e2
Host: 127.0.0.1:8080
Accept-Encoding: gzip, deflate, br
Connection: keep-alive
Content-Length: 28

{
    "empId": "E121212"
}]
2023-11-27 20:49:32.913 [http-nio-8080-exec-2] DEBUG o.a.coyote.http11.Http11InputBuffer - Before fill(): parsingHeader: [true], parsingRequestLine: [true], parsingRequestLinePhase: [0], parsingRequestLineStart: [0], byteBuffer.position(): [0], byteBuffer.limit(): [0], end: [273]
2023-11-27 20:49:32.913 [http-nio-8080-exec-2] DEBUG o.a.coyote.http11.Http11InputBuffer - Received []
2023-11-27 20:50:36.507 [http-nio-8080-exec-5] DEBUG o.a.coyote.http11.Http11InputBuffer - Before fill(): parsingHeader: [true], parsingRequestLine: [true], parsingRequestLinePhase: [0], parsingRequestLineStart: [0], byteBuffer.position(): [0], byteBuffer.limit(): [0], end: [273]
2023-11-27 20:50:36.507 [http-nio-8080-exec-5] DEBUG o.a.coyote.http11.Http11InputBuffer - Received [POST /api/employee/delete HTTP/1.1
Content-Type: application/json
User-Agent: PostmanRuntime/7.35.0
Accept: */*
Postman-Token: 0a97ed7c-8c38-44d5-81fd-b4197473a025
Host: 127.0.0.1:8080
Accept-Encoding: gzip, deflate, br
Connection: keep-alive
Content-Length: 29

{
    "empId": "zxczxc"

}]
2023-11-27 20:50:36.521 [http-nio-8080-exec-5] DEBUG o.a.coyote.http11.Http11InputBuffer - Before fill(): parsingHeader: [true], parsingRequestLine: [true], parsingRequestLinePhase: [0], parsingRequestLineStart: [0], byteBuffer.position(): [0], byteBuffer.limit(): [0], end: [273]
2023-11-27 20:50:36.521 [http-nio-8080-exec-5] DEBUG o.a.coyote.http11.Http11InputBuffer - Received []
2023-11-27 20:50:48.692 [http-nio-8080-exec-8] DEBUG o.a.coyote.http11.Http11InputBuffer - Before fill(): parsingHeader: [true], parsingRequestLine: [true], parsingRequestLinePhase: [0], parsingRequestLineStart: [0], byteBuffer.position(): [0], byteBuffer.limit(): [0], end: [273]
2023-11-27 20:50:48.693 [http-nio-8080-exec-8] DEBUG o.a.coyote.http11.Http11InputBuffer - Received [POST /api/employee/delete HTTP/1.1
Content-Type: application/json
User-Agent: PostmanRuntime/7.35.0
Accept: */*
Postman-Token: 1fb9f18d-1a8e-4bc2-8b94-56f213a84586
Host: 127.0.0.1:8080
Accept-Encoding: gzip, deflate, br
Connection: keep-alive
Content-Length: 32

{
    "empId": "000000000"

}]
2023-11-27 20:50:48.705 [http-nio-8080-exec-8] DEBUG o.a.coyote.http11.Http11InputBuffer - Before fill(): parsingHeader: [true], parsingRequestLine: [true], parsingRequestLinePhase: [0], parsingRequestLineStart: [0], byteBuffer.position(): [0], byteBuffer.limit(): [0], end: [273]
2023-11-27 20:50:48.705 [http-nio-8080-exec-8] DEBUG o.a.coyote.http11.Http11InputBuffer - Received []
2023-11-27 21:07:27.329 [http-nio-8080-exec-1] DEBUG o.a.coyote.http11.Http11InputBuffer - Before fill(): parsingHeader: [true], parsingRequestLine: [true], parsingRequestLinePhase: [0], parsingRequestLineStart: [0], byteBuffer.position(): [0], byteBuffer.limit(): [0], end: [0]
2023-11-27 21:07:27.330 [http-nio-8080-exec-1] DEBUG o.a.coyote.http11.Http11InputBuffer - Received [POST /api/employee/update HTTP/1.1
Content-Type: application/json
User-Agent: PostmanRuntime/7.35.0
Accept: */*
Postman-Token: 3e187ab2-7e6c-4261-aa75-e3aa6d72a1c3
Host: 127.0.0.1:8080
Accept-Encoding: gzip, deflate, br
Connection: keep-alive
Content-Length: 32

{
    "empId": "000000000"

}]
2023-11-27 21:07:27.542 [http-nio-8080-exec-1] DEBUG o.a.coyote.http11.Http11InputBuffer - Before fill(): parsingHeader: [true], parsingRequestLine: [true], parsingRequestLinePhase: [0], parsingRequestLineStart: [0], byteBuffer.position(): [0], byteBuffer.limit(): [0], end: [273]
2023-11-27 21:07:27.542 [http-nio-8080-exec-1] DEBUG o.a.coyote.http11.Http11InputBuffer - Received []
2023-11-27 21:07:41.613 [http-nio-8080-exec-9] DEBUG o.a.coyote.http11.Http11InputBuffer - Before fill(): parsingHeader: [true], parsingRequestLine: [true], parsingRequestLinePhase: [0], parsingRequestLineStart: [0], byteBuffer.position(): [0], byteBuffer.limit(): [0], end: [273]
2023-11-27 21:07:41.615 [http-nio-8080-exec-9] DEBUG o.a.coyote.http11.Http11InputBuffer - Received [POST /api/employee/update HTTP/1.1
Content-Type: application/json
User-Agent: PostmanRuntime/7.35.0
Accept: */*
Postman-Token: 2f190793-b17c-4c3d-84c9-8e61702007ad
Host: 127.0.0.1:8080
Accept-Encoding: gzip, deflate, br
Connection: keep-alive
Content-Length: 29

{
    "empId": "k33312"

}]
2023-11-27 21:07:41.658 [http-nio-8080-exec-9] DEBUG o.a.coyote.http11.Http11InputBuffer - Before fill(): parsingHeader: [true], parsingRequestLine: [true], parsingRequestLinePhase: [0], parsingRequestLineStart: [0], byteBuffer.position(): [0], byteBuffer.limit(): [0], end: [273]
2023-11-27 21:07:41.658 [http-nio-8080-exec-9] DEBUG o.a.coyote.http11.Http11InputBuffer - Received []
2023-11-27 21:16:36.013 [http-nio-8080-exec-1] DEBUG o.a.coyote.http11.Http11InputBuffer - Before fill(): parsingHeader: [true], parsingRequestLine: [true], parsingRequestLinePhase: [0], parsingRequestLineStart: [0], byteBuffer.position(): [0], byteBuffer.limit(): [0], end: [0]
2023-11-27 21:16:36.014 [http-nio-8080-exec-1] DEBUG o.a.coyote.http11.Http11InputBuffer - Received [POST /api/employee/update HTTP/1.1
Content-Type: application/json
User-Agent: PostmanRuntime/7.35.0
Accept: */*
Postman-Token: 9e18ddb8-93ac-4be8-86e7-8dda77cf9ab4
Host: 127.0.0.1:8080
Accept-Encoding: gzip, deflate, br
Connection: keep-alive
Content-Length: 51

{
    "empId": "k33312",
    "empName":"kokoo"
}]
2023-11-27 21:16:36.264 [http-nio-8080-exec-1] DEBUG o.a.coyote.http11.Http11InputBuffer - Before fill(): parsingHeader: [true], parsingRequestLine: [true], parsingRequestLinePhase: [0], parsingRequestLineStart: [0], byteBuffer.position(): [0], byteBuffer.limit(): [0], end: [273]
2023-11-27 21:16:36.264 [http-nio-8080-exec-1] DEBUG o.a.coyote.http11.Http11InputBuffer - Received []
2023-11-27 21:18:25.480 [http-nio-8080-exec-3] DEBUG o.a.coyote.http11.Http11InputBuffer - Before fill(): parsingHeader: [true], parsingRequestLine: [true], parsingRequestLinePhase: [0], parsingRequestLineStart: [0], byteBuffer.position(): [0], byteBuffer.limit(): [0], end: [273]
2023-11-27 21:18:25.480 [http-nio-8080-exec-3] DEBUG o.a.coyote.http11.Http11InputBuffer - Received [POST /api/employee/update HTTP/1.1
Content-Type: application/json
User-Agent: PostmanRuntime/7.35.0
Accept: */*
Postman-Token: e599c71c-b6e3-4a7e-9e70-140ba6bd6886
Host: 127.0.0.1:8080
Accept-Encoding: gzip, deflate, br
Connection: keep-alive
Content-Length: 51

{
    "empId": "k33312",
    "empName":"zzzzz"
}]
2023-11-27 21:18:25.496 [http-nio-8080-exec-3] DEBUG o.a.coyote.http11.Http11InputBuffer - Before fill(): parsingHeader: [true], parsingRequestLine: [true], parsingRequestLinePhase: [0], parsingRequestLineStart: [0], byteBuffer.position(): [0], byteBuffer.limit(): [0], end: [273]
2023-11-27 21:18:25.496 [http-nio-8080-exec-3] DEBUG o.a.coyote.http11.Http11InputBuffer - Received []
